<?xml version="1.0" encoding="UTF-8" ?>
<testsuite tests="7" failures="0" name="runners.TestRunner" time="0.004" errors="0" skipped="0">
  <properties>
[...]
</properties>
  <testcase classname="Scenario: Simple product search" name="When User open google.com" time="0.003"/>
  <testcase classname="Scenario: Simple product search" name="And he search for &apos;shop	eriks	nl&apos;" time="0"/>
  <testcase classname="Scenario: Simple product search" name="And click on the result http://shop.eriks.nl" time="0"/>
  <testcase classname="Scenario: Simple product search" name="And change the language to English" time="0"/>
  <testcase classname="Scenario: Simple product search" name="And enter &apos;loctite&apos; in the search input box" time="0"/>
  <testcase classname="Scenario: Simple product search" name="Then check if the product &apos;LOCTITE	Loctite	4601-20	GR&apos; is present in the results" time="0"/>
  <testcase classname="Scenario: Simple product search" name="Scenario: Simple product search" time="0.001"/>
</testsuite>